#
# A fatal error has been detected by the Java Runtime Environment:
#
#  EXCEPTION_ACCESS_VIOLATION (0xc0000005) at pc=0x00000000527c60ec, pid=8248, tid=0x0000000000001eec
#
# JRE version: Java(TM) SE Runtime Environment (8.0_121-b13) (build 1.8.0_121-b13)
# Java VM: Java HotSpot(TM) 64-Bit Server VM (25.121-b13 mixed mode windows-amd64 compressed oops)
# Problematic frame:
# V  [jvm.dll+0xf60ec]
#
# Failed to write core dump. Minidumps are not enabled by default on client versions of Windows
#
# If you would like to submit a bug report, please visit:
#   http://bugreport.java.com/bugreport/crash.jsp
#

---------------  T H R E A D  ---------------

Current thread (0x0000000017397000):  VMThread [stack: 0x0000000018420000,0x0000000018520000] [id=7916]

siginfo: ExceptionCode=0xc0000005, reading address 0xffffffffffffffff

Registers:
RAX=0x0800010000000006, RBX=0x00000000027ba840, RCX=0x00000000000000f9, RDX=0x0000000000000029
RSP=0x000000001851ed78, RBP=0x000000001851ee80, RSI=0x00000000000000bb, RDI=0x0000000000000029
R8 =0x00000000172a5ca0, R9 =0x0000000000000003, R10=0x0000000000000003, R11=0x000000001d22e410
R12=0x000000001851ef10, R13=0x000000001851ef00, R14=0x0000000000000000, R15=0x0000000000000010
RIP=0x00000000527c60ec, EFLAGS=0x0000000000010202

Top of Stack: (sp=0x000000001851ed78)
0x000000001851ed78:   00000000528a4296 0800010000000006
0x000000001851ed88:   0000000000000029 00000000000000bb
0x000000001851ed98:   000000001b6ae2b8 0000000000000000
0x000000001851eda8:   000000001b6a62d0 0000000002f3eab8
0x000000001851edb8:   0000000002f3e7bc 00005c0b35efc65d
0x000000001851edc8:   0000000002f3e690 00000000028b63e0
0x000000001851edd8:   000000001b6ade20 0000000000000000
0x000000001851ede8:   0000000052760f8b 0000000002f3e820
0x000000001851edf8:   0000000000000000 0000000000000000
0x000000001851ee08:   0000000002f3e820 0000000000010388
0x000000001851ee18:   000000005276130a 00000000028b63e0
0x000000001851ee28:   000000001b6ae2b8 000000001b6ade20
0x000000001851ee38:   000000005276ed5e 00005c0b35efc500
0x000000001851ee48:   000000001851ef40 000000001b6a62d0
0x000000001851ee58:   000000005276ef1b 0000000000000000
0x000000001851ee68:   000000005276f03d 000000001851ef30 

Instructions: (pc=0x00000000527c60ec)
0x00000000527c60cc:   5f c3 cc cc 48 63 c2 48 8b 44 c1 50 48 89 44 24
0x00000000527c60dc:   08 48 8b 44 24 08 0f b6 c8 f6 d1 f6 c1 01 74 05
0x00000000527c60ec:   48 8b 40 10 c3 48 83 e0 fe c3 cc cc cc cc cc cc
0x00000000527c60fc:   cc cc cc cc 48 89 54 24 10 49 63 c0 48 8b 44 c1 


Register to memory mapping:

RAX=0x0800010000000006 is an unknown value
RBX=0x00000000027ba840 is an unknown value
RCX=0x00000000000000f9 is an unknown value
RDX=0x0000000000000029 is an unknown value
RSP=0x000000001851ed78 is an unknown value
RBP=0x000000001851ee80 is an unknown value
RSI=0x00000000000000bb is an unknown value
RDI=0x0000000000000029 is an unknown value
R8 =0x00000000172a5ca0 is an unknown value
R9 =0x0000000000000003 is an unknown value
R10=0x0000000000000003 is an unknown value
R11=0x000000001d22e410 is pointing into metadata
R12=0x000000001851ef10 is an unknown value
R13=0x000000001851ef00 is an unknown value
R14=0x0000000000000000 is an unknown value
R15=0x0000000000000010 is an unknown value


Stack: [0x0000000018420000,0x0000000018520000],  sp=0x000000001851ed78,  free space=1019k
Native frames: (J=compiled Java code, j=interpreted, Vv=VM code, C=native code)
V  [jvm.dll+0xf60ec]

VM_Operation (0x0000000018e6f760): RedefineClasses, mode: safepoint, requested by thread 0x00000000173e8000


---------------  P R O C E S S  ---------------

Java Threads: ( => current thread )
  0x000000001bbf8000 JavaThread "DestroyJavaVM" [_thread_blocked, id=10072, stack(0x0000000002670000,0x0000000002770000)]
  0x000000001bbf7800 JavaThread "http-nio-8080-Acceptor" daemon [_thread_in_native, id=9344, stack(0x000000001de90000,0x000000001df90000)]
  0x000000001bbf6800 JavaThread "http-nio-8080-ClientPoller" daemon [_thread_in_native, id=8312, stack(0x000000001dd90000,0x000000001de90000)]
  0x000000001bbf5000 JavaThread "http-nio-8080-exec-10" daemon [_thread_blocked, id=12300, stack(0x000000001dc90000,0x000000001dd90000)]
  0x000000001bbf6000 JavaThread "http-nio-8080-exec-9" daemon [_thread_blocked, id=12320, stack(0x000000001db90000,0x000000001dc90000)]
  0x000000001bbf1800 JavaThread "http-nio-8080-exec-8" daemon [_thread_blocked, id=1180, stack(0x000000001da90000,0x000000001db90000)]
  0x0000000019c35800 JavaThread "http-nio-8080-exec-7" daemon [_thread_blocked, id=10112, stack(0x000000001d990000,0x000000001da90000)]
  0x0000000019c37800 JavaThread "http-nio-8080-exec-6" daemon [_thread_blocked, id=7736, stack(0x000000001d890000,0x000000001d990000)]
  0x0000000019c34800 JavaThread "http-nio-8080-exec-5" daemon [_thread_blocked, id=11856, stack(0x000000001d790000,0x000000001d890000)]
  0x0000000019c37000 JavaThread "http-nio-8080-exec-4" daemon [_thread_blocked, id=8564, stack(0x000000001d690000,0x000000001d790000)]
  0x0000000019c36000 JavaThread "http-nio-8080-exec-3" daemon [_thread_blocked, id=13076, stack(0x000000001d590000,0x000000001d690000)]
  0x000000001bbee800 JavaThread "http-nio-8080-exec-2" daemon [_thread_blocked, id=10388, stack(0x000000001d490000,0x000000001d590000)]
  0x000000001bbee000 JavaThread "http-nio-8080-exec-1" daemon [_thread_blocked, id=2404, stack(0x000000001d390000,0x000000001d490000)]
  0x000000001bbe9000 JavaThread "http-nio-8080-BlockPoller" daemon [_thread_in_native, id=5460, stack(0x000000001d290000,0x000000001d390000)]
  0x000000001babc800 JavaThread "java-sdk-http-connection-reaper" daemon [_thread_blocked, id=11640, stack(0x000000001cf90000,0x000000001d090000)]
  0x000000001b956800 JavaThread "container-0" [_thread_blocked, id=9404, stack(0x000000001ca90000,0x000000001cb90000)]
  0x000000001b956000 JavaThread "Catalina-utility-2" [_thread_blocked, id=7944, stack(0x000000001c990000,0x000000001ca90000)]
  0x000000001b97f800 JavaThread "Catalina-utility-1" [_thread_blocked, id=10756, stack(0x000000001c890000,0x000000001c990000)]
  0x0000000019a29000 JavaThread "RMI TCP Accept-0" daemon [_thread_in_native, id=1040, stack(0x000000001a270000,0x000000001a370000)]
  0x0000000019a24800 JavaThread "RMI TCP Accept-53884" daemon [_thread_in_native, id=8772, stack(0x000000001a170000,0x000000001a270000)]
  0x0000000019a0a800 JavaThread "RMI TCP Accept-0" daemon [_thread_in_native, id=3384, stack(0x000000001a070000,0x000000001a170000)]
  0x00000000193d4800 JavaThread "Service Thread" daemon [_thread_blocked, id=9656, stack(0x0000000019770000,0x0000000019870000)]
  0x0000000017403000 JavaThread "C1 CompilerThread2" daemon [_thread_blocked, id=9128, stack(0x0000000019270000,0x0000000019370000)]
  0x0000000017401000 JavaThread "C2 CompilerThread1" daemon [_thread_blocked, id=4284, stack(0x0000000019170000,0x0000000019270000)]
  0x00000000173fd800 JavaThread "C2 CompilerThread0" daemon [_thread_blocked, id=11032, stack(0x0000000019070000,0x0000000019170000)]
  0x00000000173ef800 JavaThread "JDWP Command Reader" daemon [_thread_in_native, id=1172, stack(0x0000000018f70000,0x0000000019070000)]
  0x00000000173eb000 JavaThread "JDWP Event Helper Thread" daemon [_thread_blocked, id=7540, stack(0x0000000018e70000,0x0000000018f70000)]
  0x00000000173e8000 JavaThread "JDWP Transport Listener: dt_socket" daemon [_thread_blocked, id=5484, stack(0x0000000018d70000,0x0000000018e70000)]
  0x00000000173d4000 JavaThread "Attach Listener" daemon [_thread_blocked, id=12464, stack(0x0000000018930000,0x0000000018a30000)]
  0x00000000173d1000 JavaThread "Signal Dispatcher" daemon [_thread_blocked, id=1700, stack(0x0000000018830000,0x0000000018930000)]
  0x00000000173ba800 JavaThread "Finalizer" daemon [_thread_blocked, id=9224, stack(0x0000000018620000,0x0000000018720000)]
  0x0000000002864000 JavaThread "Reference Handler" daemon [_thread_blocked, id=5152, stack(0x0000000018520000,0x0000000018620000)]

Other Threads:
=>0x0000000017397000 VMThread [stack: 0x0000000018420000,0x0000000018520000] [id=7916]
  0x0000000019a2e000 WatcherThread [stack: 0x000000001a4c0000,0x000000001a5c0000] [id=8016]

VM state:at safepoint (normal execution)

VM Mutex/Monitor currently owned by a thread:  ([mutex/lock_event])
[0x0000000002771650] Threads_lock - owner thread: 0x0000000017397000

Heap:
 PSYoungGen      total 138240K, used 23016K [0x00000000d5d00000, 0x00000000e1880000, 0x0000000100000000)
  eden space 133120K, 17% used [0x00000000d5d00000,0x00000000d737a3e8,0x00000000ddf00000)
  from space 5120K, 0% used [0x00000000ddf00000,0x00000000ddf00000,0x00000000de400000)
  to   space 14848K, 0% used [0x00000000e0a00000,0x00000000e0a00000,0x00000000e1880000)
 ParOldGen       total 102400K, used 18760K [0x0000000081600000, 0x0000000087a00000, 0x00000000d5d00000)
  object space 102400K, 18% used [0x0000000081600000,0x0000000082852160,0x0000000087a00000)
 Metaspace       used 35745K, capacity 37424K, committed 37672K, reserved 1081344K
  class space    used 4692K, capacity 4998K, committed 5120K, reserved 1048576K

Card table byte_map: [0x0000000011c30000,0x0000000012030000] byte_map_base: 0x0000000011825000

Marking Bits: (ParMarkBitMap*) 0x0000000052eeb6d0
 Begin Bits: [0x00000000126e0000, 0x0000000014688000)
 End Bits:   [0x0000000014688000, 0x0000000016630000)

Polling page: 0x00000000024c0000

CodeCache: size=245760Kb used=6971Kb max_used=6971Kb free=238788Kb
 bounds [0x0000000002870000, 0x0000000002f40000, 0x0000000011870000]
 total_blobs=3667 nmethods=3204 adapters=383
 compilation: enabled

Compilation events (10 events):
Event: 120.680 Thread 0x0000000017403000 3202   !   1       sun.nio.ch.WindowsSelectorImpl::doSelect (136 bytes)
Event: 120.683 Thread 0x0000000017403000 nmethod 3202 0x0000000002f3bad0 code [0x0000000002f3bd40, 0x0000000002f3c9d8]
Event: 120.683 Thread 0x0000000017403000 3203       1       sun.nio.ch.WindowsSelectorImpl::adjustThreadsCount (133 bytes)
Event: 120.683 Thread 0x0000000017403000 nmethod 3203 0x0000000002f3d550 code [0x0000000002f3d740, 0x0000000002f3db38]
Event: 121.682 Thread 0x0000000017403000 3204       1       sun.nio.ch.SelectorImpl::select (34 bytes)
Event: 121.683 Thread 0x0000000017403000 nmethod 3204 0x0000000002f3ddd0 code [0x0000000002f3df40, 0x0000000002f3e178]
Event: 121.683 Thread 0x0000000017403000 3206       1       sun.nio.ch.WindowsSelectorImpl$SubSelector::poll (47 bytes)
Event: 121.684 Thread 0x0000000017403000 nmethod 3206 0x0000000002f3e290 code [0x0000000002f3e400, 0x0000000002f3e588]
Event: 121.684 Thread 0x0000000017403000 3205       1       java.nio.channels.spi.AbstractSelector::begin (48 bytes)
Event: 121.685 Thread 0x0000000017403000 nmethod 3205 0x0000000002f3e690 code [0x0000000002f3e820, 0x0000000002f3ec98]

GC Heap History (10 events):
Event: 1.895 GC heap before
{Heap before GC invocations=3 (full 0):
 PSYoungGen      total 71680K, used 38080K [0x00000000d5d00000, 0x00000000da800000, 0x0000000100000000)
  eden space 66560K, 49% used [0x00000000d5d00000,0x00000000d7d32490,0x00000000d9e00000)
  from space 5120K, 99% used [0x00000000da300000,0x00000000da7fdcb8,0x00000000da800000)
  to   space 5120K, 0% used [0x00000000d9e00000,0x00000000d9e00000,0x00000000da300000)
 ParOldGen       total 87552K, used 2549K [0x0000000081600000, 0x0000000086b80000, 0x00000000d5d00000)
  object space 87552K, 2% used [0x0000000081600000,0x000000008187d6f8,0x0000000086b80000)
 Metaspace       used 20643K, capacity 21210K, committed 21296K, reserved 1067008K
  class space    used 2736K, capacity 2911K, committed 2944K, reserved 1048576K
Event: 1.904 GC heap after
Heap after GC invocations=3 (full 0):
 PSYoungGen      total 71680K, used 5104K [0x00000000d5d00000, 0x00000000de900000, 0x0000000100000000)
  eden space 66560K, 0% used [0x00000000d5d00000,0x00000000d5d00000,0x00000000d9e00000)
  from space 5120K, 99% used [0x00000000d9e00000,0x00000000da2fc010,0x00000000da300000)
  to   space 5120K, 0% used [0x00000000de400000,0x00000000de400000,0x00000000de900000)
 ParOldGen       total 87552K, used 6214K [0x0000000081600000, 0x0000000086b80000, 0x00000000d5d00000)
  object space 87552K, 7% used [0x0000000081600000,0x0000000081c119b0,0x0000000086b80000)
 Metaspace       used 20643K, capacity 21210K, committed 21296K, reserved 1067008K
  class space    used 2736K, capacity 2911K, committed 2944K, reserved 1048576K
}
Event: 1.905 GC heap before
{Heap before GC invocations=4 (full 1):
 PSYoungGen      total 71680K, used 5104K [0x00000000d5d00000, 0x00000000de900000, 0x0000000100000000)
  eden space 66560K, 0% used [0x00000000d5d00000,0x00000000d5d00000,0x00000000d9e00000)
  from space 5120K, 99% used [0x00000000d9e00000,0x00000000da2fc010,0x00000000da300000)
  to   space 5120K, 0% used [0x00000000de400000,0x00000000de400000,0x00000000de900000)
 ParOldGen       total 87552K, used 6214K [0x0000000081600000, 0x0000000086b80000, 0x00000000d5d00000)
  object space 87552K, 7% used [0x0000000081600000,0x0000000081c119b0,0x0000000086b80000)
 Metaspace       used 20643K, capacity 21210K, committed 21296K, reserved 1067008K
  class space    used 2736K, capacity 2911K, committed 2944K, reserved 1048576K
Event: 1.941 GC heap after
Heap after GC invocations=4 (full 1):
 PSYoungGen      total 71680K, used 0K [0x00000000d5d00000, 0x00000000de900000, 0x0000000100000000)
  eden space 66560K, 0% used [0x00000000d5d00000,0x00000000d5d00000,0x00000000d9e00000)
  from space 5120K, 0% used [0x00000000d9e00000,0x00000000d9e00000,0x00000000da300000)
  to   space 5120K, 0% used [0x00000000de400000,0x00000000de400000,0x00000000de900000)
 ParOldGen       total 59392K, used 8559K [0x0000000081600000, 0x0000000085000000, 0x00000000d5d00000)
  object space 59392K, 14% used [0x0000000081600000,0x0000000081e5bdf0,0x0000000085000000)
 Metaspace       used 20639K, capacity 21198K, committed 21296K, reserved 1067008K
  class space    used 2735K, capacity 2909K, committed 2944K, reserved 1048576K
}
Event: 2.671 GC heap before
{Heap before GC invocations=5 (full 1):
 PSYoungGen      total 71680K, used 66560K [0x00000000d5d00000, 0x00000000de900000, 0x0000000100000000)
  eden space 66560K, 100% used [0x00000000d5d00000,0x00000000d9e00000,0x00000000d9e00000)
  from space 5120K, 0% used [0x00000000d9e00000,0x00000000d9e00000,0x00000000da300000)
  to   space 5120K, 0% used [0x00000000de400000,0x00000000de400000,0x00000000de900000)
 ParOldGen       total 59392K, used 8559K [0x0000000081600000, 0x0000000085000000, 0x00000000d5d00000)
  object space 59392K, 14% used [0x0000000081600000,0x0000000081e5bdf0,0x0000000085000000)
 Metaspace       used 26776K, capacity 27968K, committed 28160K, reserved 1073152K
  class space    used 3544K, capacity 3772K, committed 3840K, reserved 1048576K
Event: 2.680 GC heap after
Heap after GC invocations=5 (full 1):
 PSYoungGen      total 109568K, used 5116K [0x00000000d5d00000, 0x00000000de900000, 0x0000000100000000)
  eden space 104448K, 0% used [0x00000000d5d00000,0x00000000d5d00000,0x00000000dc300000)
  from space 5120K, 99% used [0x00000000de400000,0x00000000de8ff0f8,0x00000000de900000)
  to   space 5120K, 0% used [0x00000000ddf00000,0x00000000ddf00000,0x00000000de400000)
 ParOldGen       total 59392K, used 12507K [0x0000000081600000, 0x0000000085000000, 0x00000000d5d00000)
  object space 59392K, 21% used [0x0000000081600000,0x0000000082236f58,0x0000000085000000)
 Metaspace       used 26776K, capacity 27968K, committed 28160K, reserved 1073152K
  class space    used 3544K, capacity 3772K, committed 3840K, reserved 1048576K
}
Event: 4.120 GC heap before
{Heap before GC invocations=6 (full 1):
 PSYoungGen      total 109568K, used 82224K [0x00000000d5d00000, 0x00000000de900000, 0x0000000100000000)
  eden space 104448K, 73% used [0x00000000d5d00000,0x00000000da84d098,0x00000000dc300000)
  from space 5120K, 99% used [0x00000000de400000,0x00000000de8ff0f8,0x00000000de900000)
  to   space 5120K, 0% used [0x00000000ddf00000,0x00000000ddf00000,0x00000000de400000)
 ParOldGen       total 59392K, used 12507K [0x0000000081600000, 0x0000000085000000, 0x00000000d5d00000)
  object space 59392K, 21% used [0x0000000081600000,0x0000000082236f58,0x0000000085000000)
 Metaspace       used 34012K, capacity 35480K, committed 35496K, reserved 1081344K
  class space    used 4451K, capacity 4730K, committed 4736K, reserved 1048576K
Event: 4.149 GC heap after
Heap after GC invocations=6 (full 1):
 PSYoungGen      total 138240K, used 5104K [0x00000000d5d00000, 0x00000000e1880000, 0x0000000100000000)
  eden space 133120K, 0% used [0x00000000d5d00000,0x00000000d5d00000,0x00000000ddf00000)
  from space 5120K, 99% used [0x00000000ddf00000,0x00000000de3fc030,0x00000000de400000)
  to   space 14848K, 0% used [0x00000000e0a00000,0x00000000e0a00000,0x00000000e1880000)
 ParOldGen       total 59392K, used 21937K [0x0000000081600000, 0x0000000085000000, 0x00000000d5d00000)
  object space 59392K, 36% used [0x0000000081600000,0x0000000082b6c5e8,0x0000000085000000)
 Metaspace       used 34012K, capacity 35480K, committed 35496K, reserved 1081344K
  class space    used 4451K, capacity 4730K, committed 4736K, reserved 1048576K
}
Event: 4.150 GC heap before
{Heap before GC invocations=7 (full 2):
 PSYoungGen      total 138240K, used 5104K [0x00000000d5d00000, 0x00000000e1880000, 0x0000000100000000)
  eden space 133120K, 0% used [0x00000000d5d00000,0x00000000d5d00000,0x00000000ddf00000)
  from space 5120K, 99% used [0x00000000ddf00000,0x00000000de3fc030,0x00000000de400000)
  to   space 14848K, 0% used [0x00000000e0a00000,0x00000000e0a00000,0x00000000e1880000)
 ParOldGen       total 59392K, used 21937K [0x0000000081600000, 0x0000000085000000, 0x00000000d5d00000)
  object space 59392K, 36% used [0x0000000081600000,0x0000000082b6c5e8,0x0000000085000000)
 Metaspace       used 34012K, capacity 35480K, committed 35496K, reserved 1081344K
  class space    used 4451K, capacity 4730K, committed 4736K, reserved 1048576K
Event: 4.259 GC heap after
Heap after GC invocations=7 (full 2):
 PSYoungGen      total 138240K, used 0K [0x00000000d5d00000, 0x00000000e1880000, 0x0000000100000000)
  eden space 133120K, 0% used [0x00000000d5d00000,0x00000000d5d00000,0x00000000ddf00000)
  from space 5120K, 0% used [0x00000000ddf00000,0x00000000ddf00000,0x00000000de400000)
  to   space 14848K, 0% used [0x00000000e0a00000,0x00000000e0a00000,0x00000000e1880000)
 ParOldGen       total 102400K, used 18760K [0x0000000081600000, 0x0000000087a00000, 0x00000000d5d00000)
  object space 102400K, 18% used [0x0000000081600000,0x0000000082852160,0x0000000087a00000)
 Metaspace       used 34012K, capacity 35480K, committed 35496K, reserved 1081344K
  class space    used 4451K, capacity 4730K, committed 4736K, reserved 1048576K
}

Deoptimization events (0 events):
No events

Internal exceptions (10 events):
Event: 3.966 Thread 0x0000000002775000 Exception <a 'java/lang/ArrayIndexOutOfBoundsException'> (0x00000000d9df6460) thrown at [C:\re\workspace\8-2-build-windows-amd64-cygwin\jdk8u121\8372\hotspot\src\share\vm\runtime\sharedRuntime.cpp, line 605]
Event: 3.966 Thread 0x0000000002775000 Exception <a 'java/lang/ArrayIndexOutOfBoundsException'> (0x00000000d9df7a50) thrown at [C:\re\workspace\8-2-build-windows-amd64-cygwin\jdk8u121\8372\hotspot\src\share\vm\runtime\sharedRuntime.cpp, line 605]
Event: 3.966 Thread 0x0000000002775000 Exception <a 'java/lang/ArrayIndexOutOfBoundsException'> (0x00000000d9df9528) thrown at [C:\re\workspace\8-2-build-windows-amd64-cygwin\jdk8u121\8372\hotspot\src\share\vm\runtime\sharedRuntime.cpp, line 605]
Event: 3.995 Thread 0x0000000002775000 Exception <a 'java/lang/ArrayIndexOutOfBoundsException'> (0x00000000d9f11948) thrown at [C:\re\workspace\8-2-build-windows-amd64-cygwin\jdk8u121\8372\hotspot\src\share\vm\runtime\sharedRuntime.cpp, line 605]
Event: 4.065 Thread 0x0000000002775000 Exception <a 'java/lang/ArrayIndexOutOfBoundsException'> (0x00000000da3c8980) thrown at [C:\re\workspace\8-2-build-windows-amd64-cygwin\jdk8u121\8372\hotspot\src\share\vm\runtime\sharedRuntime.cpp, line 605]
Event: 4.091 Thread 0x0000000002775000 Exception <a 'java/lang/ArrayIndexOutOfBoundsException'> (0x00000000da596ca0) thrown at [C:\re\workspace\8-2-build-windows-amd64-cygwin\jdk8u121\8372\hotspot\src\share\vm\runtime\sharedRuntime.cpp, line 605]
Event: 4.118 Thread 0x0000000002775000 Exception <a 'java/lang/ArrayIndexOutOfBoundsException'> (0x00000000da79cc70) thrown at [C:\re\workspace\8-2-build-windows-amd64-cygwin\jdk8u121\8372\hotspot\src\share\vm\runtime\sharedRuntime.cpp, line 605]
Event: 4.118 Thread 0x0000000002775000 Exception <a 'java/lang/ArrayIndexOutOfBoundsException'> (0x00000000da79dc30) thrown at [C:\re\workspace\8-2-build-windows-amd64-cygwin\jdk8u121\8372\hotspot\src\share\vm\runtime\sharedRuntime.cpp, line 605]
Event: 4.118 Thread 0x0000000002775000 Exception <a 'java/lang/ArrayIndexOutOfBoundsException'> (0x00000000da79fc50) thrown at [C:\re\workspace\8-2-build-windows-amd64-cygwin\jdk8u121\8372\hotspot\src\share\vm\runtime\sharedRuntime.cpp, line 605]
Event: 8.607 Thread 0x000000001bbee000 Exception <a 'java/lang/NoSuchMethodError': java.lang.Object.lambda$thenComparing$36697e65$1(Ljava/util/Comparator;Ljava/lang/Object;Ljava/lang/Object;)I> (0x00000000d6944208) thrown at [C:\re\workspace\8-2-build-windows-amd64-cygwin\jdk8u121\8372\hotspot

Events (10 events):
Event: 67.716 Executing VM operation: RedefineClasses
Event: 67.739 Executing VM operation: RedefineClasses done
Event: 69.377 loading class java/net/SocketTimeoutException
Event: 69.378 loading class java/io/InterruptedIOException
Event: 69.378 loading class java/io/InterruptedIOException done
Event: 69.378 loading class java/net/SocketTimeoutException done
Event: 112.061 Executing VM operation: RedefineClasses
Event: 112.075 Executing VM operation: RedefineClasses done
Event: 115.318 Thread 0x0000000017403000 flushing nmethod 0x00000000029c4c50
Event: 123.205 Executing VM operation: RedefineClasses


Dynamic libraries:
0x00007ff7c4a00000 - 0x00007ff7c4a37000 	C:\Program Files\Java\jdk1.8.0_121\bin\javaw.exe
0x00007ffa9b6b0000 - 0x00007ffa9b891000 	C:\WINDOWS\SYSTEM32\ntdll.dll
0x00007ffa9b0d0000 - 0x00007ffa9b181000 	C:\WINDOWS\System32\KERNEL32.DLL
0x00007ffa97a80000 - 0x00007ffa97cf3000 	C:\WINDOWS\System32\KERNELBASE.dll
0x00007ffa9b4d0000 - 0x00007ffa9b571000 	C:\WINDOWS\System32\ADVAPI32.dll
0x00007ffa9b020000 - 0x00007ffa9b0be000 	C:\WINDOWS\System32\msvcrt.dll
0x00007ffa9b360000 - 0x00007ffa9b3bb000 	C:\WINDOWS\System32\sechost.dll
0x00007ffa98c30000 - 0x00007ffa98d54000 	C:\WINDOWS\System32\RPCRT4.dll
0x00007ffa99200000 - 0x00007ffa99390000 	C:\WINDOWS\System32\USER32.dll
0x00007ffa988e0000 - 0x00007ffa98900000 	C:\WINDOWS\System32\win32u.dll
0x00007ffa9b190000 - 0x00007ffa9b1b8000 	C:\WINDOWS\System32\GDI32.dll
0x00007ffa98900000 - 0x00007ffa98a91000 	C:\WINDOWS\System32\gdi32full.dll
0x00007ffa98aa0000 - 0x00007ffa98b3f000 	C:\WINDOWS\System32\msvcp_win.dll
0x00007ffa98680000 - 0x00007ffa98778000 	C:\WINDOWS\System32\ucrtbase.dll
0x00007ffa8bf00000 - 0x00007ffa8c169000 	C:\WINDOWS\WinSxS\amd64_microsoft.windows.common-controls_6595b64144ccf1df_6.0.17134.950_none_fb3da4273069d3e0\COMCTL32.dll
0x00007ffa98ed0000 - 0x00007ffa991f2000 	C:\WINDOWS\System32\combase.dll
0x00007ffa98600000 - 0x00007ffa98679000 	C:\WINDOWS\System32\bcryptPrimitives.dll
0x00007ffa997e0000 - 0x00007ffa9980d000 	C:\WINDOWS\System32\IMM32.DLL
0x0000000053310000 - 0x00000000533e2000 	C:\Program Files\Java\jdk1.8.0_121\jre\bin\msvcr100.dll
0x00000000526d0000 - 0x0000000052f6b000 	C:\Program Files\Java\jdk1.8.0_121\jre\bin\server\jvm.dll
0x00007ffa9b010000 - 0x00007ffa9b018000 	C:\WINDOWS\System32\PSAPI.DLL
0x00007ffa94650000 - 0x00007ffa94673000 	C:\WINDOWS\SYSTEM32\WINMM.dll
0x00007ffa8fa40000 - 0x00007ffa8fa4a000 	C:\WINDOWS\SYSTEM32\VERSION.dll
0x00007ffa877c0000 - 0x00007ffa877c9000 	C:\WINDOWS\SYSTEM32\WSOCK32.dll
0x00007ffa99a30000 - 0x00007ffa99a9c000 	C:\WINDOWS\System32\WS2_32.dll
0x00007ffa94470000 - 0x00007ffa9449a000 	C:\WINDOWS\SYSTEM32\winmmbase.dll
0x00007ffa98780000 - 0x00007ffa987c9000 	C:\WINDOWS\System32\cfgmgr32.dll
0x0000000053300000 - 0x000000005330f000 	C:\Program Files\Java\jdk1.8.0_121\jre\bin\verify.dll
0x00000000532d0000 - 0x00000000532f9000 	C:\Program Files\Java\jdk1.8.0_121\jre\bin\java.dll
0x0000000053290000 - 0x00000000532c5000 	C:\Program Files\Java\jdk1.8.0_121\jre\bin\jdwp.dll
0x0000000053280000 - 0x0000000053288000 	C:\Program Files\Java\jdk1.8.0_121\jre\bin\npt.dll
0x0000000053260000 - 0x0000000053276000 	C:\Program Files\Java\jdk1.8.0_121\jre\bin\zip.dll
0x00007ffa99bd0000 - 0x00007ffa9b010000 	C:\WINDOWS\System32\SHELL32.dll
0x00007ffa9b420000 - 0x00007ffa9b4c9000 	C:\WINDOWS\System32\shcore.dll
0x00007ffa97d00000 - 0x00007ffa9840d000 	C:\WINDOWS\System32\windows.storage.dll
0x00007ffa9b620000 - 0x00007ffa9b671000 	C:\WINDOWS\System32\shlwapi.dll
0x00007ffa97a60000 - 0x00007ffa97a71000 	C:\WINDOWS\System32\kernel.appcore.dll
0x00007ffa97a40000 - 0x00007ffa97a5f000 	C:\WINDOWS\System32\profapi.dll
0x00007ffa979f0000 - 0x00007ffa97a3c000 	C:\WINDOWS\System32\powrprof.dll
0x00007ffa979c0000 - 0x00007ffa979ca000 	C:\WINDOWS\System32\FLTLIB.DLL
0x0000000053250000 - 0x0000000053259000 	C:\Program Files\Java\jdk1.8.0_121\jre\bin\dt_socket.dll
0x00007ffa93330000 - 0x00007ffa93346000 	C:\WINDOWS\system32\napinsp.dll
0x00007ffa933a0000 - 0x00007ffa933ba000 	C:\WINDOWS\system32\pnrpnsp.dll
0x00007ffa94700000 - 0x00007ffa94719000 	C:\WINDOWS\system32\NLAapi.dll
0x00007ffa971e0000 - 0x00007ffa97246000 	C:\WINDOWS\System32\mswsock.dll
0x00007ffa96f70000 - 0x00007ffa9702e000 	C:\WINDOWS\SYSTEM32\DNSAPI.dll
0x00007ffa9b0c0000 - 0x00007ffa9b0c8000 	C:\WINDOWS\System32\NSI.dll
0x00007ffa96f30000 - 0x00007ffa96f68000 	C:\WINDOWS\SYSTEM32\IPHLPAPI.DLL
0x00007ffa93ea0000 - 0x00007ffa93eae000 	C:\WINDOWS\System32\winrnr.dll
0x00007ffa93db0000 - 0x00007ffa93dc5000 	C:\WINDOWS\System32\wshbth.dll
0x00007ffa8ca60000 - 0x00007ffa8cad2000 	C:\WINDOWS\System32\fwpuclnt.dll
0x00007ffa974c0000 - 0x00007ffa974e5000 	C:\WINDOWS\SYSTEM32\bcrypt.dll
0x00007ffa8cae0000 - 0x00007ffa8caea000 	C:\Windows\System32\rasadhlp.dll
0x0000000053240000 - 0x000000005324d000 	C:\Program Files\Java\jdk1.8.0_121\jre\bin\management.dll
0x0000000053220000 - 0x000000005323a000 	C:\Program Files\Java\jdk1.8.0_121\jre\bin\net.dll
0x0000000053200000 - 0x0000000053211000 	C:\Program Files\Java\jdk1.8.0_121\jre\bin\nio.dll
0x00007ffa973a0000 - 0x00007ffa973b7000 	C:\WINDOWS\SYSTEM32\CRYPTSP.dll
0x00007ffa96d90000 - 0x00007ffa96dc3000 	C:\WINDOWS\system32\rsaenh.dll
0x00007ffa978c0000 - 0x00007ffa978e8000 	C:\WINDOWS\SYSTEM32\USERENV.dll
0x00007ffa97390000 - 0x00007ffa9739b000 	C:\WINDOWS\SYSTEM32\CRYPTBASE.dll
0x00007ffa8d8f0000 - 0x00007ffa8d906000 	C:\WINDOWS\SYSTEM32\dhcpcsvc6.DLL
0x00007ffa8d910000 - 0x00007ffa8d92a000 	C:\WINDOWS\SYSTEM32\dhcpcsvc.DLL
0x00000000531d0000 - 0x00000000531f4000 	C:\Program Files\Java\jdk1.8.0_121\jre\bin\sunec.dll
0x00007ffa96420000 - 0x00007ffa965e9000 	C:\WINDOWS\SYSTEM32\dbghelp.dll

VM Arguments:
jvm_args: -agentlib:jdwp=transport=dt_socket,suspend=y,address=localhost:53885 -Dcom.sun.management.jmxremote -Dcom.sun.management.jmxremote.port=53884 -Dcom.sun.management.jmxremote.authenticate=false -Dcom.sun.management.jmxremote.ssl=false -Djava.rmi.server.hostname=localhost -Dspring.jmx.enabled=true -Dspring.liveBeansView.mbeanDomain -Dspring.application.admin.enabled=true -Xverify:none -XX:TieredStopAtLevel=1 -Dfile.encoding=UTF-8 
java_command: br.com.teste.IbmCloudUploadApplication --spring.output.ansi.enabled=always
java_class_path (initial): C:\Users\User\Documents\ibm\ibm-cloud-upload\target\classes;C:\Users\User\.m2\repository\org\springframework\boot\spring-boot-starter-web\2.1.7.RELEASE\spring-boot-starter-web-2.1.7.RELEASE.jar;C:\Users\User\.m2\repository\org\springframework\boot\spring-boot-starter\2.1.7.RELEASE\spring-boot-starter-2.1.7.RELEASE.jar;C:\Users\User\.m2\repository\org\springframework\boot\spring-boot\2.1.7.RELEASE\spring-boot-2.1.7.RELEASE.jar;C:\Users\User\.m2\repository\org\springframework\boot\spring-boot-autoconfigure\2.1.7.RELEASE\spring-boot-autoconfigure-2.1.7.RELEASE.jar;C:\Users\User\.m2\repository\org\springframework\boot\spring-boot-starter-logging\2.1.7.RELEASE\spring-boot-starter-logging-2.1.7.RELEASE.jar;C:\Users\User\.m2\repository\ch\qos\logback\logback-classic\1.2.3\logback-classic-1.2.3.jar;C:\Users\User\.m2\repository\ch\qos\logback\logback-core\1.2.3\logback-core-1.2.3.jar;C:\Users\User\.m2\repository\org\apache\logging\log4j\log4j-to-slf4j\2.11.2\log4j-to-slf4j-2.11.2.jar;C:\Users\User\.m2\repository\org\apache\logging\log4j\log4j-api\2.11.2\log4j-api-2.11.2.jar;C:\Users\User\.m2\repository\org\slf4j\jul-to-slf4j\1.7.26\jul-to-slf4j-1.7.26.jar;C:\Users\User\.m2\repository\javax\annotation\javax.annotation-api\1.3.2\javax.annotation-api-1.3.2.jar;C:\Users\User\.m2\repository\org\yaml\snakeyaml\1.23\snakeyaml-1.23.jar;C:\Users\User\.m2\repository\org\springframework\boot\spring-boot-starter-json\2.1.7.RELEASE\spring-boot-starter-json-2.1.7.RELEASE.jar;C:\Users\User\.m2\repository\com\fasterxml\jackson\core\jackson-databind\2.9.9\jackson-databind-2.9.9.jar;C:\Users\User\.m2\repository\com\fasterxml\jackson\core\jackson-annotations\2.9.0\jackson-annotations-2.9.0.jar;C:\Users\User\.m2\repository\com\fasterxml\jackson\core\jackson-core\2.9.9\jackson-core-2.9.9.jar;C:\Users\User\.m2\repository\com\fasterxml\jackson\datatype\jackson-datatype-jdk8\2.9.9\jackson-datatype-jdk8-2.9.9.jar;C:\Users\User\.m2\repository\com\fasterxml\jackson\datatyp
Launcher Type: SUN_STANDARD

Environment Variables:
JAVA_HOME=C:\Program Files\Java\jdk1.8.0_121
CLASSPATH=C:\Program Files\Java\jdk1.8.0_121\lib;C:\Program Files\Java\jdk1.8.0_121\lib\tools.jar;C:\Program Files\Java\jdk1.8.0_121\lib\dt.jar;
PATH=C:\Program Files\Java\jdk1.8.0_121\jre\bin;C:/Program Files/Java/jre1.8.0_121/bin/server;C:/Program Files/Java/jre1.8.0_121/bin;C:/Program Files/Java/jre1.8.0_121/lib/amd64;C:\oracle\product\10.2.0\client\bin;C:\ProgramData\Oracle\Java\javapath;C:\oracle\product\10.2.0\client_1\bin;C:\Windows\system32;C:\Windows;C:\Windows\System32\Wbem;C:\Windows\System32\WindowsPowerShell\v1.0\;C:\Program Files (x86)\NVIDIA Corporation\PhysX\Common;C:\WINDOWS\system32;C:\WINDOWS;C:\WINDOWS\System32\Wbem;C:\WINDOWS\System32\WindowsPowerShell\v1.0\;C:\Program Files (x86)\cvsnt;C:\Program Files\Git\cmd;C:\Program Files (x86)\GtkSharp\2.12\bin;C:\WINDOWS\System32\OpenSSH\;C:\Program Files\Microsoft VS Code\bin;C:\xampp\php;C:\Program Files\Java\jdk1.8.0_121\bin;C:\Program Files\nodejs\;C:\dev\apache-maven-3.6.1\bin;C:\Users\User\AppData\Local\Programs\Python\Python37-32\Scripts\;C:\Users\User\AppData\Local\Programs\Python\Python37-32\;C:\Users\User\AppData\Local\Microsoft\WindowsApps;C:\src\flutter\bin;C:\Users\User\AppData\Roaming\npm;C:\Users\User\Desktop\Servers\sts-bundle\sts-3.9.9.RELEASE;
USERNAME=User
OS=Windows_NT
PROCESSOR_IDENTIFIER=Intel64 Family 6 Model 78 Stepping 3, GenuineIntel



---------------  S Y S T E M  ---------------

OS: Windows 10.0 , 64 bit Build 17134 (10.0.17134.753)

CPU:total 4 (2 cores per cpu, 2 threads per core) family 6 model 78 stepping 3, cmov, cx8, fxsr, mmx, sse, sse2, sse3, ssse3, sse4.1, sse4.2, popcnt, avx, avx2, aes, clmul, erms, 3dnowpref, lzcnt, ht, tsc, tscinvbit, bmi1, bmi2, adx

Memory: 4k page, physical 8292256k(3847432k free), swap 14845856k(9291224k free)

vm_info: Java HotSpot(TM) 64-Bit Server VM (25.121-b13) for windows-amd64 JRE (1.8.0_121-b13), built on Dec 12 2016 18:21:36 by "java_re" with MS VC++ 10.0 (VS2010)

time: Mon Aug 26 09:31:02 2019
elapsed time: 123 seconds (0d 0h 2m 3s)

